<?xml version="1.0" encoding="UTF-8"?>
<!-- Generated by org.testng.reporters.JUnitXMLReporter -->
<testsuite ignored="0" hostname="DESKTOP-9IVHGQ7" failures="0" tests="5" name="Default test" time="326.917" errors="0" timestamp="2023-04-15T05:17:31 CEST">
  <testcase classname="TestScript006" name="testCase05" time="78.613"/>
  <testcase classname="TestScript006" name="testCase05" time="59.633"/>
  <testcase classname="TestScript006" name="testCase05" time="60.627"/>
  <testcase classname="TestScript006" name="testCase05" time="59.064"/>
  <testcase classname="TestScript006" name="testCase05" time="68.335"/>
</testsuite> <!-- Default test -->
