<?xml version="1.0" encoding="UTF-8"?>
<!-- Generated by org.testng.reporters.JUnitXMLReporter -->
<testsuite ignored="0" hostname="DESKTOP-9IVHGQ7" failures="0" tests="5" name="Default test" time="332.112" errors="0" timestamp="2023-04-13T22:19:54 CEST">
  <testcase classname="TestScript005" name="testCase05" time="87.751"/>
  <testcase classname="TestScript005" name="testCase05" time="62.634"/>
  <testcase classname="TestScript005" name="testCase05" time="61.303"/>
  <testcase classname="TestScript005" name="testCase05" time="61.071"/>
  <testcase classname="TestScript005" name="testCase05" time="59.024"/>
</testsuite> <!-- Default test -->
