<?xml version="1.0" encoding="UTF-8"?>
<testng-results ignored="0" total="5" passed="5" failed="0" skipped="0">
  <reporter-output>
  </reporter-output>
  <suite started-at="2023-04-15T05:12:04 CEST" name="Default suite" finished-at="2023-04-15T05:17:31 CEST" duration-ms="326917">
    <groups>
    </groups>
    <test started-at="2023-04-15T05:12:04 CEST" name="Default test" finished-at="2023-04-15T05:17:31 CEST" duration-ms="326917">
      <class name="TestScript006">
        <test-method is-config="true" signature="CreateSCFolder()[pri:0, instance:TestScript006@3bb9a3ff]" started-at="2023-04-15T05:12:04 CEST" name="CreateSCFolder" finished-at="2023-04-15T05:12:04 CEST" duration-ms="266" status="PASS">
          <reporter-output>
          </reporter-output>
        </test-method> <!-- CreateSCFolder -->
        <test-method signature="testCase05(java.lang.String,java.lang.String)[pri:0, instance:TestScript006@3bb9a3ff]" started-at="2023-04-15T05:12:04 CEST" name="testCase05" data-provider="loginData" finished-at="2023-04-15T05:13:23 CEST" duration-ms="78613" status="PASS">
          <params>
            <param index="0">
              <value>
                <![CDATA[mngr493079]]>
              </value>
            </param>
            <param index="1">
              <value>
                <![CDATA[zeqehEn]]>
              </value>
            </param>
          </params>
          <reporter-output>
          </reporter-output>
        </test-method> <!-- testCase05 -->
        <test-method signature="testCase05(java.lang.String,java.lang.String)[pri:0, instance:TestScript006@3bb9a3ff]" started-at="2023-04-15T05:13:23 CEST" name="testCase05" data-provider="loginData" finished-at="2023-04-15T05:14:22 CEST" duration-ms="59633" status="PASS">
          <params>
            <param index="0">
              <value>
                <![CDATA[invalid]]>
              </value>
            </param>
            <param index="1">
              <value>
                <![CDATA[valid]]>
              </value>
            </param>
          </params>
          <reporter-output>
          </reporter-output>
        </test-method> <!-- testCase05 -->
        <test-method signature="testCase05(java.lang.String,java.lang.String)[pri:0, instance:TestScript006@3bb9a3ff]" started-at="2023-04-15T05:14:22 CEST" name="testCase05" data-provider="loginData" finished-at="2023-04-15T05:15:23 CEST" duration-ms="60627" status="PASS">
          <params>
            <param index="0">
              <value>
                <![CDATA[valid]]>
              </value>
            </param>
            <param index="1">
              <value>
                <![CDATA[invalid]]>
              </value>
            </param>
          </params>
          <reporter-output>
          </reporter-output>
        </test-method> <!-- testCase05 -->
        <test-method signature="testCase05(java.lang.String,java.lang.String)[pri:0, instance:TestScript006@3bb9a3ff]" started-at="2023-04-15T05:15:23 CEST" name="testCase05" data-provider="loginData" finished-at="2023-04-15T05:16:22 CEST" duration-ms="59064" status="PASS">
          <params>
            <param index="0">
              <value>
                <![CDATA[invalid]]>
              </value>
            </param>
            <param index="1">
              <value>
                <![CDATA[invalid]]>
              </value>
            </param>
          </params>
          <reporter-output>
          </reporter-output>
        </test-method> <!-- testCase05 -->
        <test-method signature="testCase05(java.lang.String,java.lang.String)[pri:0, instance:TestScript006@3bb9a3ff]" started-at="2023-04-15T05:16:22 CEST" name="testCase05" data-provider="loginData" finished-at="2023-04-15T05:17:31 CEST" duration-ms="68335" status="PASS">
          <params>
            <param index="0">
              <value>
                <![CDATA[mngr493079]]>
              </value>
            </param>
            <param index="1">
              <value>
                <![CDATA[zeqehEn]]>
              </value>
            </param>
          </params>
          <reporter-output>
          </reporter-output>
        </test-method> <!-- testCase05 -->
      </class> <!-- TestScript006 -->
    </test> <!-- Default test -->
  </suite> <!-- Default suite -->
</testng-results>
